-------------------------------------------------------------------------------
Test set: com.spring.project12.HttpRequestTest
-------------------------------------------------------------------------------
Tests run: 3, Failures: 1, Errors: 0, Skipped: 0, Time elapsed: 1.647 s <<< FAILURE! - in com.spring.project12.HttpRequestTest
getAllDepartments  Time elapsed: 0.075 s  <<< FAILURE!
org.opentest4j.AssertionFailedError: expected: <[]> but was: <[{"id":1,"name":"Tech-Mid","description":"This is Tech-Mid department","fund":1000.0},{"id":2,"name":"Tech-UPI","description":"This is Tech-UPI department","fund":2000.0}]>
	at com.spring.project12.HttpRequestTest.getAllDepartments(HttpRequestTest.java:129)

